Analysis & Synthesis report for PBLSD
Wed Sep 20 21:14:08 2023
Quartus Prime Version 20.1.1 Build 720 11/11/2020 SJ Lite Edition


---------------------
; Table of Contents ;
---------------------
  1. Legal Notice
  2. Analysis & Synthesis Summary
  3. Analysis & Synthesis Settings
  4. Parallel Compilation
  5. Analysis & Synthesis Source Files Read
  6. Analysis & Synthesis Resource Usage Summary
  7. Analysis & Synthesis Resource Utilization by Entity
  8. State Machine - |testa_Escalonador|UART_tx:transmissor|state
  9. Registers Removed During Synthesis
 10. General Register Statistics
 11. Inverted Register Statistics
 12. Multiplexer Restructuring Statistics (Restructuring Performed)
 13. Parameter Settings for User Entity Instance: UART_tx:transmissor
 14. Parameter Settings for User Entity Instance: ESCALONADOR_V3:escalona
 15. Post-Synthesis Netlist Statistics for Top Partition
 16. Elapsed Time Per Partition
 17. Analysis & Synthesis Messages
 18. Analysis & Synthesis Suppressed Messages



----------------
; Legal Notice ;
----------------
Copyright (C) 2020  Intel Corporation. All rights reserved.
Your use of Intel Corporation's design tools, logic functions 
and other software and tools, and any partner logic 
functions, and any output files from any of the foregoing 
(including device programming or simulation files), and any 
associated documentation or information are expressly subject 
to the terms and conditions of the Intel Program License 
Subscription Agreement, the Intel Quartus Prime License Agreement,
the Intel FPGA IP License Agreement, or other applicable license
agreement, including, without limitation, that your use is for
the sole purpose of programming logic devices manufactured by
Intel and sold by Intel or its authorized distributors.  Please
refer to the applicable agreement for further details, at
https://fpgasoftware.intel.com/eula.



+----------------------------------------------------------------------------------+
; Analysis & Synthesis Summary                                                     ;
+------------------------------------+---------------------------------------------+
; Analysis & Synthesis Status        ; Successful - Wed Sep 20 21:14:08 2023       ;
; Quartus Prime Version              ; 20.1.1 Build 720 11/11/2020 SJ Lite Edition ;
; Revision Name                      ; PBLSD                                       ;
; Top-level Entity Name              ; testa_Escalonador                           ;
; Family                             ; Cyclone IV E                                ;
; Total logic elements               ; 211                                         ;
;     Total combinational functions  ; 211                                         ;
;     Dedicated logic registers      ; 66                                          ;
; Total registers                    ; 66                                          ;
; Total pins                         ; 151                                         ;
; Total virtual pins                 ; 0                                           ;
; Total memory bits                  ; 0                                           ;
; Embedded Multiplier 9-bit elements ; 0                                           ;
; Total PLLs                         ; 0                                           ;
+------------------------------------+---------------------------------------------+


+------------------------------------------------------------------------------------------------------------+
; Analysis & Synthesis Settings                                                                              ;
+------------------------------------------------------------------+--------------------+--------------------+
; Option                                                           ; Setting            ; Default Value      ;
+------------------------------------------------------------------+--------------------+--------------------+
; Device                                                           ; EP4CE30F23C7       ;                    ;
; Top-level entity name                                            ; testa_Escalonador  ; PBLSD              ;
; Family name                                                      ; Cyclone IV E       ; Cyclone V          ;
; Use smart compilation                                            ; Off                ; Off                ;
; Enable parallel Assembler and Timing Analyzer during compilation ; On                 ; On                 ;
; Enable compact report table                                      ; Off                ; Off                ;
; Restructure Multiplexers                                         ; Auto               ; Auto               ;
; Create Debugging Nodes for IP Cores                              ; Off                ; Off                ;
; Preserve fewer node names                                        ; On                 ; On                 ;
; Intel FPGA IP Evaluation Mode                                    ; Enable             ; Enable             ;
; Verilog Version                                                  ; Verilog_2001       ; Verilog_2001       ;
; VHDL Version                                                     ; VHDL_1993          ; VHDL_1993          ;
; State Machine Processing                                         ; Auto               ; Auto               ;
; Safe State Machine                                               ; Off                ; Off                ;
; Extract Verilog State Machines                                   ; On                 ; On                 ;
; Extract VHDL State Machines                                      ; On                 ; On                 ;
; Ignore Verilog initial constructs                                ; Off                ; Off                ;
; Iteration limit for constant Verilog loops                       ; 5000               ; 5000               ;
; Iteration limit for non-constant Verilog loops                   ; 250                ; 250                ;
; Add Pass-Through Logic to Inferred RAMs                          ; On                 ; On                 ;
; Infer RAMs from Raw Logic                                        ; On                 ; On                 ;
; Parallel Synthesis                                               ; On                 ; On                 ;
; DSP Block Balancing                                              ; Auto               ; Auto               ;
; NOT Gate Push-Back                                               ; On                 ; On                 ;
; Power-Up Don't Care                                              ; On                 ; On                 ;
; Remove Redundant Logic Cells                                     ; Off                ; Off                ;
; Remove Duplicate Registers                                       ; On                 ; On                 ;
; Ignore CARRY Buffers                                             ; Off                ; Off                ;
; Ignore CASCADE Buffers                                           ; Off                ; Off                ;
; Ignore GLOBAL Buffers                                            ; Off                ; Off                ;
; Ignore ROW GLOBAL Buffers                                        ; Off                ; Off                ;
; Ignore LCELL Buffers                                             ; Off                ; Off                ;
; Ignore SOFT Buffers                                              ; On                 ; On                 ;
; Limit AHDL Integers to 32 Bits                                   ; Off                ; Off                ;
; Optimization Technique                                           ; Balanced           ; Balanced           ;
; Carry Chain Length                                               ; 70                 ; 70                 ;
; Auto Carry Chains                                                ; On                 ; On                 ;
; Auto Open-Drain Pins                                             ; On                 ; On                 ;
; Perform WYSIWYG Primitive Resynthesis                            ; Off                ; Off                ;
; Auto ROM Replacement                                             ; On                 ; On                 ;
; Auto RAM Replacement                                             ; On                 ; On                 ;
; Auto DSP Block Replacement                                       ; On                 ; On                 ;
; Auto Shift Register Replacement                                  ; Auto               ; Auto               ;
; Allow Shift Register Merging across Hierarchies                  ; Auto               ; Auto               ;
; Auto Clock Enable Replacement                                    ; On                 ; On                 ;
; Strict RAM Replacement                                           ; Off                ; Off                ;
; Allow Synchronous Control Signals                                ; On                 ; On                 ;
; Force Use of Synchronous Clear Signals                           ; Off                ; Off                ;
; Auto RAM Block Balancing                                         ; On                 ; On                 ;
; Auto RAM to Logic Cell Conversion                                ; Off                ; Off                ;
; Auto Resource Sharing                                            ; Off                ; Off                ;
; Allow Any RAM Size For Recognition                               ; Off                ; Off                ;
; Allow Any ROM Size For Recognition                               ; Off                ; Off                ;
; Allow Any Shift Register Size For Recognition                    ; Off                ; Off                ;
; Use LogicLock Constraints during Resource Balancing              ; On                 ; On                 ;
; Ignore translate_off and synthesis_off directives                ; Off                ; Off                ;
; Timing-Driven Synthesis                                          ; On                 ; On                 ;
; Report Parameter Settings                                        ; On                 ; On                 ;
; Report Source Assignments                                        ; On                 ; On                 ;
; Report Connectivity Checks                                       ; On                 ; On                 ;
; Ignore Maximum Fan-Out Assignments                               ; Off                ; Off                ;
; Synchronization Register Chain Length                            ; 2                  ; 2                  ;
; Power Optimization During Synthesis                              ; Normal compilation ; Normal compilation ;
; HDL message level                                                ; Level2             ; Level2             ;
; Suppress Register Optimization Related Messages                  ; Off                ; Off                ;
; Number of Removed Registers Reported in Synthesis Report         ; 5000               ; 5000               ;
; Number of Swept Nodes Reported in Synthesis Report               ; 5000               ; 5000               ;
; Number of Inverted Registers Reported in Synthesis Report        ; 100                ; 100                ;
; Clock MUX Protection                                             ; On                 ; On                 ;
; Auto Gated Clock Conversion                                      ; Off                ; Off                ;
; Block Design Naming                                              ; Auto               ; Auto               ;
; SDC constraint protection                                        ; Off                ; Off                ;
; Synthesis Effort                                                 ; Auto               ; Auto               ;
; Shift Register Replacement - Allow Asynchronous Clear Signal     ; On                 ; On                 ;
; Pre-Mapping Resynthesis Optimization                             ; Off                ; Off                ;
; Analysis & Synthesis Message Level                               ; Medium             ; Medium             ;
; Disable Register Merging Across Hierarchies                      ; Auto               ; Auto               ;
; Resource Aware Inference For Block RAM                           ; On                 ; On                 ;
+------------------------------------------------------------------+--------------------+--------------------+


+------------------------------------------+
; Parallel Compilation                     ;
+----------------------------+-------------+
; Processors                 ; Number      ;
+----------------------------+-------------+
; Number detected on machine ; 8           ;
; Maximum allowed            ; 4           ;
;                            ;             ;
; Average used               ; 1.00        ;
; Maximum used               ; 4           ;
;                            ;             ;
; Usage by Processor         ; % Time Used ;
;     Processor 1            ; 100.0%      ;
;     Processors 2-4         ;   0.0%      ;
+----------------------------+-------------+


+--------------------------------------------------------------------------------------------------------------------------------------------------------------------------+
; Analysis & Synthesis Source Files Read                                                                                                                                   ;
+----------------------------------+-----------------+------------------------+----------------------------------------------------------------------------------+---------+
; File Name with User-Entered Path ; Used in Netlist ; File Type              ; File Name with Absolute Path                                                     ; Library ;
+----------------------------------+-----------------+------------------------+----------------------------------------------------------------------------------+---------+
; UART_tx.v                        ; yes             ; User Verilog HDL File  ; C:/Users/washi/OneDrive/Documentos/Github/ProjetoSD01/aluno2/UART_tx.v           ;         ;
; mux_8_to_1.v                     ; yes             ; User Verilog HDL File  ; C:/Users/washi/OneDrive/Documentos/Github/ProjetoSD01/aluno2/mux_8_to_1.v        ;         ;
; ESCALONADOR_V3.v                 ; yes             ; User Verilog HDL File  ; C:/Users/washi/OneDrive/Documentos/Github/ProjetoSD01/aluno2/ESCALONADOR_V3.v    ;         ;
; testa_Escalonador.v              ; yes             ; User Verilog HDL File  ; C:/Users/washi/OneDrive/Documentos/Github/ProjetoSD01/aluno2/testa_Escalonador.v ;         ;
+----------------------------------+-----------------+------------------------+----------------------------------------------------------------------------------+---------+


+---------------------------------------------------------+
; Analysis & Synthesis Resource Usage Summary             ;
+---------------------------------------------+-----------+
; Resource                                    ; Usage     ;
+---------------------------------------------+-----------+
; Estimated Total logic elements              ; 211       ;
;                                             ;           ;
; Total combinational functions               ; 211       ;
; Logic element usage by number of LUT inputs ;           ;
;     -- 4 input functions                    ; 146       ;
;     -- 3 input functions                    ; 28        ;
;     -- <=2 input functions                  ; 37        ;
;                                             ;           ;
; Logic elements by mode                      ;           ;
;     -- normal mode                          ; 180       ;
;     -- arithmetic mode                      ; 31        ;
;                                             ;           ;
; Total registers                             ; 66        ;
;     -- Dedicated logic registers            ; 66        ;
;     -- I/O registers                        ; 0         ;
;                                             ;           ;
; I/O pins                                    ; 151       ;
;                                             ;           ;
; Embedded Multiplier 9-bit elements          ; 0         ;
;                                             ;           ;
; Maximum fan-out node                        ; clk~input ;
; Maximum fan-out                             ; 66        ;
; Total fan-out                               ; 1070      ;
; Average fan-out                             ; 1.85      ;
+---------------------------------------------+-----------+


+--------------------------------------------------------------------------------------------------------------------------------------------------------------------------------------------------------------------------------------------------------+
; Analysis & Synthesis Resource Utilization by Entity                                                                                                                                                                                                    ;
+------------------------------+---------------------+---------------------------+-------------+--------------+---------+-----------+------+--------------+-----------------------------------------------------------+-------------------+--------------+
; Compilation Hierarchy Node   ; Combinational ALUTs ; Dedicated Logic Registers ; Memory Bits ; DSP Elements ; DSP 9x9 ; DSP 18x18 ; Pins ; Virtual Pins ; Full Hierarchy Name                                       ; Entity Name       ; Library Name ;
+------------------------------+---------------------+---------------------------+-------------+--------------+---------+-----------+------+--------------+-----------------------------------------------------------+-------------------+--------------+
; |testa_Escalonador           ; 211 (0)             ; 66 (0)                    ; 0           ; 0            ; 0       ; 0         ; 151  ; 0            ; |testa_Escalonador                                        ; testa_Escalonador ; work         ;
;    |ESCALONADOR_V3:escalona| ; 107 (27)            ; 12 (12)                   ; 0           ; 0            ; 0       ; 0         ; 0    ; 0            ; |testa_Escalonador|ESCALONADOR_V3:escalona                ; ESCALONADOR_V3    ; work         ;
;       |mux_8_to_1:m01|       ; 5 (5)               ; 0 (0)                     ; 0           ; 0            ; 0       ; 0         ; 0    ; 0            ; |testa_Escalonador|ESCALONADOR_V3:escalona|mux_8_to_1:m01 ; mux_8_to_1        ; work         ;
;       |mux_8_to_1:m02|       ; 5 (5)               ; 0 (0)                     ; 0           ; 0            ; 0       ; 0         ; 0    ; 0            ; |testa_Escalonador|ESCALONADOR_V3:escalona|mux_8_to_1:m02 ; mux_8_to_1        ; work         ;
;       |mux_8_to_1:m03|       ; 5 (5)               ; 0 (0)                     ; 0           ; 0            ; 0       ; 0         ; 0    ; 0            ; |testa_Escalonador|ESCALONADOR_V3:escalona|mux_8_to_1:m03 ; mux_8_to_1        ; work         ;
;       |mux_8_to_1:m04|       ; 5 (5)               ; 0 (0)                     ; 0           ; 0            ; 0       ; 0         ; 0    ; 0            ; |testa_Escalonador|ESCALONADOR_V3:escalona|mux_8_to_1:m04 ; mux_8_to_1        ; work         ;
;       |mux_8_to_1:m05|       ; 5 (5)               ; 0 (0)                     ; 0           ; 0            ; 0       ; 0         ; 0    ; 0            ; |testa_Escalonador|ESCALONADOR_V3:escalona|mux_8_to_1:m05 ; mux_8_to_1        ; work         ;
;       |mux_8_to_1:m06|       ; 5 (5)               ; 0 (0)                     ; 0           ; 0            ; 0       ; 0         ; 0    ; 0            ; |testa_Escalonador|ESCALONADOR_V3:escalona|mux_8_to_1:m06 ; mux_8_to_1        ; work         ;
;       |mux_8_to_1:m07|       ; 5 (5)               ; 0 (0)                     ; 0           ; 0            ; 0       ; 0         ; 0    ; 0            ; |testa_Escalonador|ESCALONADOR_V3:escalona|mux_8_to_1:m07 ; mux_8_to_1        ; work         ;
;       |mux_8_to_1:m08|       ; 5 (5)               ; 0 (0)                     ; 0           ; 0            ; 0       ; 0         ; 0    ; 0            ; |testa_Escalonador|ESCALONADOR_V3:escalona|mux_8_to_1:m08 ; mux_8_to_1        ; work         ;
;       |mux_8_to_1:m09|       ; 5 (5)               ; 0 (0)                     ; 0           ; 0            ; 0       ; 0         ; 0    ; 0            ; |testa_Escalonador|ESCALONADOR_V3:escalona|mux_8_to_1:m09 ; mux_8_to_1        ; work         ;
;       |mux_8_to_1:m10|       ; 5 (5)               ; 0 (0)                     ; 0           ; 0            ; 0       ; 0         ; 0    ; 0            ; |testa_Escalonador|ESCALONADOR_V3:escalona|mux_8_to_1:m10 ; mux_8_to_1        ; work         ;
;       |mux_8_to_1:m11|       ; 5 (5)               ; 0 (0)                     ; 0           ; 0            ; 0       ; 0         ; 0    ; 0            ; |testa_Escalonador|ESCALONADOR_V3:escalona|mux_8_to_1:m11 ; mux_8_to_1        ; work         ;
;       |mux_8_to_1:m12|       ; 5 (5)               ; 0 (0)                     ; 0           ; 0            ; 0       ; 0         ; 0    ; 0            ; |testa_Escalonador|ESCALONADOR_V3:escalona|mux_8_to_1:m12 ; mux_8_to_1        ; work         ;
;       |mux_8_to_1:m13|       ; 5 (5)               ; 0 (0)                     ; 0           ; 0            ; 0       ; 0         ; 0    ; 0            ; |testa_Escalonador|ESCALONADOR_V3:escalona|mux_8_to_1:m13 ; mux_8_to_1        ; work         ;
;       |mux_8_to_1:m14|       ; 5 (5)               ; 0 (0)                     ; 0           ; 0            ; 0       ; 0         ; 0    ; 0            ; |testa_Escalonador|ESCALONADOR_V3:escalona|mux_8_to_1:m14 ; mux_8_to_1        ; work         ;
;       |mux_8_to_1:m15|       ; 5 (5)               ; 0 (0)                     ; 0           ; 0            ; 0       ; 0         ; 0    ; 0            ; |testa_Escalonador|ESCALONADOR_V3:escalona|mux_8_to_1:m15 ; mux_8_to_1        ; work         ;
;       |mux_8_to_1:m16|       ; 5 (5)               ; 0 (0)                     ; 0           ; 0            ; 0       ; 0         ; 0    ; 0            ; |testa_Escalonador|ESCALONADOR_V3:escalona|mux_8_to_1:m16 ; mux_8_to_1        ; work         ;
;    |UART_tx:transmissor|     ; 104 (104)           ; 54 (54)                   ; 0           ; 0            ; 0       ; 0         ; 0    ; 0            ; |testa_Escalonador|UART_tx:transmissor                    ; UART_tx           ; work         ;
+------------------------------+---------------------+---------------------------+-------------+--------------+---------+-----------+------+--------------+-----------------------------------------------------------+-------------------+--------------+
Note: For table entries with two numbers listed, the numbers in parentheses indicate the number of resources of the given type used by the specific entity alone. The numbers listed outside of parentheses indicate the total resources of the given type used by the specific entity and all of its sub-entities in the hierarchy.


Encoding Type:  One-Hot
+------------------------------------------------------------------+
; State Machine - |testa_Escalonador|UART_tx:transmissor|state     ;
+-------------+------------+------------+-------------+------------+
; Name        ; state.STOP ; state.DATA ; state.START ; state.IDLE ;
+-------------+------------+------------+-------------+------------+
; state.IDLE  ; 0          ; 0          ; 0           ; 0          ;
; state.START ; 0          ; 0          ; 1           ; 1          ;
; state.DATA  ; 0          ; 1          ; 0           ; 1          ;
; state.STOP  ; 1          ; 0          ; 0           ; 1          ;
+-------------+------------+------------+-------------+------------+


+------------------------------------------------------------+
; Registers Removed During Synthesis                         ;
+---------------------------------------+--------------------+
; Register name                         ; Reason for Removal ;
+---------------------------------------+--------------------+
; UART_tx:transmissor|state~2           ; Lost fanout        ;
; UART_tx:transmissor|state~3           ; Lost fanout        ;
; Total Number of Removed Registers = 2 ;                    ;
+---------------------------------------+--------------------+


+------------------------------------------------------+
; General Register Statistics                          ;
+----------------------------------------------+-------+
; Statistic                                    ; Value ;
+----------------------------------------------+-------+
; Total registers                              ; 66    ;
; Number of registers using Synchronous Clear  ; 16    ;
; Number of registers using Synchronous Load   ; 0     ;
; Number of registers using Asynchronous Clear ; 0     ;
; Number of registers using Asynchronous Load  ; 0     ;
; Number of registers using Clock Enable       ; 16    ;
; Number of registers using Preset             ; 0     ;
+----------------------------------------------+-------+


+--------------------------------------------------+
; Inverted Register Statistics                     ;
+----------------------------------------+---------+
; Inverted Register                      ; Fan out ;
+----------------------------------------+---------+
; UART_tx:transmissor|tx                 ; 1       ;
; Total number of inverted registers = 1 ;         ;
+----------------------------------------+---------+


+---------------------------------------------------------------------------------------------------------------------------------------------------------------------------+
; Multiplexer Restructuring Statistics (Restructuring Performed)                                                                                                            ;
+--------------------+-----------+---------------+----------------------+------------------------+------------+-------------------------------------------------------------+
; Multiplexer Inputs ; Bus Width ; Baseline Area ; Area if Restructured ; Saving if Restructured ; Registered ; Example Multiplexer Output                                  ;
+--------------------+-----------+---------------+----------------------+------------------------+------------+-------------------------------------------------------------+
; 8:1                ; 16 bits   ; 80 LEs        ; 80 LEs               ; 0 LEs                  ; No         ; |testa_Escalonador|ESCALONADOR_V3:escalona|mux_8_to_1:m09|y ;
+--------------------+-----------+---------------+----------------------+------------------------+------------+-------------------------------------------------------------+


+------------------------------------------------------------------+
; Parameter Settings for User Entity Instance: UART_tx:transmissor ;
+----------------+-------+-----------------------------------------+
; Parameter Name ; Value ; Type                                    ;
+----------------+-------+-----------------------------------------+
; IDLE           ; 00    ; Unsigned Binary                         ;
; START          ; 01    ; Unsigned Binary                         ;
; DATA           ; 10    ; Unsigned Binary                         ;
; STOP           ; 11    ; Unsigned Binary                         ;
+----------------+-------+-----------------------------------------+
Note: In order to hide this table in the UI and the text report file, please set the "Show Parameter Settings in Synthesis Report" option in "Analysis and Synthesis Settings -> More Settings" to "Off".


+----------------------------------------------------------------------+
; Parameter Settings for User Entity Instance: ESCALONADOR_V3:escalona ;
+----------------+-------+---------------------------------------------+
; Parameter Name ; Value ; Type                                        ;
+----------------+-------+---------------------------------------------+
; A              ; 0     ; Unsigned Binary                             ;
; T              ; 1     ; Unsigned Binary                             ;
+----------------+-------+---------------------------------------------+
Note: In order to hide this table in the UI and the text report file, please set the "Show Parameter Settings in Synthesis Report" option in "Analysis and Synthesis Settings -> More Settings" to "Off".


+-----------------------------------------------------+
; Post-Synthesis Netlist Statistics for Top Partition ;
+-----------------------+-----------------------------+
; Type                  ; Count                       ;
+-----------------------+-----------------------------+
; boundary_port         ; 151                         ;
; cycloneiii_ff         ; 66                          ;
;     ENA SCLR          ; 16                          ;
;     plain             ; 50                          ;
; cycloneiii_lcell_comb ; 212                         ;
;     arith             ; 31                          ;
;         2 data inputs ; 31                          ;
;     normal            ; 181                         ;
;         1 data inputs ; 2                           ;
;         2 data inputs ; 5                           ;
;         3 data inputs ; 28                          ;
;         4 data inputs ; 146                         ;
;                       ;                             ;
; Max LUT depth         ; 8.90                        ;
; Average LUT depth     ; 3.93                        ;
+-----------------------+-----------------------------+


+-------------------------------+
; Elapsed Time Per Partition    ;
+----------------+--------------+
; Partition Name ; Elapsed Time ;
+----------------+--------------+
; Top            ; 00:00:00     ;
+----------------+--------------+


+-------------------------------+
; Analysis & Synthesis Messages ;
+-------------------------------+
Info: *******************************************************************
Info: Running Quartus Prime Analysis & Synthesis
    Info: Version 20.1.1 Build 720 11/11/2020 SJ Lite Edition
    Info: Processing started: Wed Sep 20 21:14:01 2023
Info: Command: quartus_map --read_settings_files=on --write_settings_files=off PBLSD -c PBLSD
Warning (18236): Number of processors has not been specified which may cause overloading on shared machines.  Set the global assignment NUM_PARALLEL_PROCESSORS in your QSF to an appropriate value for best performance.
Info (20030): Parallel compilation is enabled and will use 4 of the 4 processors detected
Info (12021): Found 1 design units, including 1 entities, in source file main.v
    Info (12023): Found entity 1: main File: C:/Users/washi/OneDrive/Documentos/Github/ProjetoSD01/aluno2/main.v Line: 2
Info (12021): Found 1 design units, including 1 entities, in source file transmissor.v
    Info (12023): Found entity 1: transmissor File: C:/Users/washi/OneDrive/Documentos/Github/ProjetoSD01/aluno2/transmissor.v Line: 9
Info (12021): Found 1 design units, including 1 entities, in source file receptor.v
    Info (12023): Found entity 1: receptor File: C:/Users/washi/OneDrive/Documentos/Github/ProjetoSD01/aluno2/receptor.v Line: 1
Info (12021): Found 1 design units, including 1 entities, in source file dht11_receive.v
    Info (12023): Found entity 1: dht11_receive File: C:/Users/washi/OneDrive/Documentos/Github/ProjetoSD01/aluno2/dht11_receive.v Line: 1
Info (12021): Found 1 design units, including 1 entities, in source file tris.v
    Info (12023): Found entity 1: TRIS File: C:/Users/washi/OneDrive/Documentos/Github/ProjetoSD01/aluno2/TRIS.v Line: 1
Info (12021): Found 1 design units, including 1 entities, in source file baudrategenerator.v
    Info (12023): Found entity 1: baudRateGenerator File: C:/Users/washi/OneDrive/Documentos/Github/ProjetoSD01/aluno2/baudRateGenerator.v Line: 1
Info (12021): Found 1 design units, including 1 entities, in source file transmissor_com_wait.v
    Info (12023): Found entity 1: transmissor_com_wait File: C:/Users/washi/OneDrive/Documentos/Github/ProjetoSD01/aluno2/transmissor_com_wait.v Line: 9
Info (12021): Found 1 design units, including 1 entities, in source file uart.v
    Info (12023): Found entity 1: UART File: C:/Users/washi/OneDrive/Documentos/Github/ProjetoSD01/aluno2/UART.v Line: 1
Info (12021): Found 1 design units, including 1 entities, in source file uart_rx.v
    Info (12023): Found entity 1: UART_rx File: C:/Users/washi/OneDrive/Documentos/Github/ProjetoSD01/aluno2/UART_rx.v Line: 1
Info (12021): Found 1 design units, including 1 entities, in source file uart_tx.v
    Info (12023): Found entity 1: UART_tx File: C:/Users/washi/OneDrive/Documentos/Github/ProjetoSD01/aluno2/UART_tx.v Line: 9
Info (12021): Found 1 design units, including 1 entities, in source file dht11.v
    Info (12023): Found entity 1: DHT11 File: C:/Users/washi/OneDrive/Documentos/Github/ProjetoSD01/aluno2/DHT11.v Line: 3
Info (12021): Found 1 design units, including 1 entities, in source file baud_rate_generator.v
    Info (12023): Found entity 1: BAUD_RATE_GENERATOR File: C:/Users/washi/OneDrive/Documentos/Github/ProjetoSD01/aluno2/BAUD_RATE_GENERATOR.v Line: 1
Info (12021): Found 1 design units, including 1 entities, in source file entregador.v
    Info (12023): Found entity 1: ENTREGADOR File: C:/Users/washi/OneDrive/Documentos/Github/ProjetoSD01/aluno2/ENTREGADOR.v Line: 8
Info (12021): Found 1 design units, including 1 entities, in source file escalonador.v
    Info (12023): Found entity 1: ESCALONADOR File: C:/Users/washi/OneDrive/Documentos/Github/ProjetoSD01/aluno2/ESCALONADOR.v Line: 8
Info (12021): Found 1 design units, including 1 entities, in source file mux_8_to_1.v
    Info (12023): Found entity 1: mux_8_to_1 File: C:/Users/washi/OneDrive/Documentos/Github/ProjetoSD01/aluno2/mux_8_to_1.v Line: 1
Info (12021): Found 1 design units, including 1 entities, in source file escalonador_v3.v
    Info (12023): Found entity 1: ESCALONADOR_V3 File: C:/Users/washi/OneDrive/Documentos/Github/ProjetoSD01/aluno2/ESCALONADOR_V3.v Line: 16
Info (12021): Found 1 design units, including 1 entities, in source file testa_escalonador.v
    Info (12023): Found entity 1: testa_Escalonador File: C:/Users/washi/OneDrive/Documentos/Github/ProjetoSD01/aluno2/testa_Escalonador.v Line: 1
Info (12127): Elaborating entity "testa_Escalonador" for the top level hierarchy
Info (12128): Elaborating entity "UART_tx" for hierarchy "UART_tx:transmissor" File: C:/Users/washi/OneDrive/Documentos/Github/ProjetoSD01/aluno2/testa_Escalonador.v Line: 7
Info (12128): Elaborating entity "ESCALONADOR_V3" for hierarchy "ESCALONADOR_V3:escalona" File: C:/Users/washi/OneDrive/Documentos/Github/ProjetoSD01/aluno2/testa_Escalonador.v Line: 8
Info (12128): Elaborating entity "mux_8_to_1" for hierarchy "ESCALONADOR_V3:escalona|mux_8_to_1:m01" File: C:/Users/washi/OneDrive/Documentos/Github/ProjetoSD01/aluno2/ESCALONADOR_V3.v Line: 92
Info (286030): Timing-Driven Synthesis is running
Info (17049): 2 registers lost all their fanouts during netlist optimizations.
Info (144001): Generated suppressed messages file C:/Users/washi/OneDrive/Documentos/Github/ProjetoSD01/aluno2/output_files/PBLSD.map.smsg
Info (16010): Generating hard_block partition "hard_block:auto_generated_inst"
    Info (16011): Adding 0 node(s), including 0 DDIO, 0 PLL, 0 transceiver and 0 LCELL
Info (21057): Implemented 362 device resources after synthesis - the final resource count might be different
    Info (21058): Implemented 137 input pins
    Info (21059): Implemented 14 output pins
    Info (21061): Implemented 211 logic cells
Info: Quartus Prime Analysis & Synthesis was successful. 0 errors, 1 warning
    Info: Peak virtual memory: 4763 megabytes
    Info: Processing ended: Wed Sep 20 21:14:08 2023
    Info: Elapsed time: 00:00:07
    Info: Total CPU time (on all processors): 00:00:06


+------------------------------------------+
; Analysis & Synthesis Suppressed Messages ;
+------------------------------------------+
The suppressed messages can be found in C:/Users/washi/OneDrive/Documentos/Github/ProjetoSD01/aluno2/output_files/PBLSD.map.smsg.


